Replace Part C1 Capacitor in C:\AltiumProjects\Projects\CourseWork\CourseWork\Altium\KP_Fedorov_SM5-71B.SchDoc with Capacitor from KP_Fedorov_SM5-71B.SchLib
Replace Part C2 Capacitor in C:\AltiumProjects\Projects\CourseWork\CourseWork\Altium\KP_Fedorov_SM5-71B.SchDoc with Capacitor from KP_Fedorov_SM5-71B.SchLib
Replace Part C3 Capacitor in C:\AltiumProjects\Projects\CourseWork\CourseWork\Altium\KP_Fedorov_SM5-71B.SchDoc with Capacitor from KP_Fedorov_SM5-71B.SchLib
Replace Part C4 Capacitor in C:\AltiumProjects\Projects\CourseWork\CourseWork\Altium\KP_Fedorov_SM5-71B.SchDoc with Capacitor from KP_Fedorov_SM5-71B.SchLib
Replace Part C5 Capacitor in C:\AltiumProjects\Projects\CourseWork\CourseWork\Altium\KP_Fedorov_SM5-71B.SchDoc with Capacitor from KP_Fedorov_SM5-71B.SchLib
Replace Part C6 Capacitor in C:\AltiumProjects\Projects\CourseWork\CourseWork\Altium\KP_Fedorov_SM5-71B.SchDoc with Capacitor from KP_Fedorov_SM5-71B.SchLib
Replace Part C7 Capacitor in C:\AltiumProjects\Projects\CourseWork\CourseWork\Altium\KP_Fedorov_SM5-71B.SchDoc with Capacitor from KP_Fedorov_SM5-71B.SchLib
Replace Part C8 Capacitor in C:\AltiumProjects\Projects\CourseWork\CourseWork\Altium\KP_Fedorov_SM5-71B.SchDoc with Capacitor from KP_Fedorov_SM5-71B.SchLib
Replace Part C9 Capacitor in C:\AltiumProjects\Projects\CourseWork\CourseWork\Altium\KP_Fedorov_SM5-71B.SchDoc with Capacitor from KP_Fedorov_SM5-71B.SchLib
Replace Part C10 Capacitor in C:\AltiumProjects\Projects\CourseWork\CourseWork\Altium\KP_Fedorov_SM5-71B.SchDoc with Capacitor from KP_Fedorov_SM5-71B.SchLib
Replace Part C11 Capacitor in C:\AltiumProjects\Projects\CourseWork\CourseWork\Altium\KP_Fedorov_SM5-71B.SchDoc with Capacitor from KP_Fedorov_SM5-71B.SchLib
Replace Part C12 Capacitor in C:\AltiumProjects\Projects\CourseWork\CourseWork\Altium\KP_Fedorov_SM5-71B.SchDoc with Capacitor from KP_Fedorov_SM5-71B.SchLib
Replace Part C13 Capacitor in C:\AltiumProjects\Projects\CourseWork\CourseWork\Altium\KP_Fedorov_SM5-71B.SchDoc with Capacitor from KP_Fedorov_SM5-71B.SchLib
Replace Part C14 Capacitor in C:\AltiumProjects\Projects\CourseWork\CourseWork\Altium\KP_Fedorov_SM5-71B.SchDoc with Capacitor from KP_Fedorov_SM5-71B.SchLib
Replace Part C15 Capacitor in C:\AltiumProjects\Projects\CourseWork\CourseWork\Altium\KP_Fedorov_SM5-71B.SchDoc with Capacitor from KP_Fedorov_SM5-71B.SchLib
Replace Part C16 Capacitor in C:\AltiumProjects\Projects\CourseWork\CourseWork\Altium\KP_Fedorov_SM5-71B.SchDoc with Capacitor from KP_Fedorov_SM5-71B.SchLib
Replace Part C17 Capacitor in C:\AltiumProjects\Projects\CourseWork\CourseWork\Altium\KP_Fedorov_SM5-71B.SchDoc with Capacitor from KP_Fedorov_SM5-71B.SchLib
Replace Part C18 Capacitor in C:\AltiumProjects\Projects\CourseWork\CourseWork\Altium\KP_Fedorov_SM5-71B.SchDoc with Capacitor from KP_Fedorov_SM5-71B.SchLib
Replace Part C19 Capacitor in C:\AltiumProjects\Projects\CourseWork\CourseWork\Altium\KP_Fedorov_SM5-71B.SchDoc with Capacitor from KP_Fedorov_SM5-71B.SchLib
Replace Part C20 Capacitor in C:\AltiumProjects\Projects\CourseWork\CourseWork\Altium\KP_Fedorov_SM5-71B.SchDoc with Capacitor from KP_Fedorov_SM5-71B.SchLib
Replace Part C21 Capacitor in C:\AltiumProjects\Projects\CourseWork\CourseWork\Altium\KP_Fedorov_SM5-71B.SchDoc with Capacitor from KP_Fedorov_SM5-71B.SchLib
Replace Part C22 Capacitor in C:\AltiumProjects\Projects\CourseWork\CourseWork\Altium\KP_Fedorov_SM5-71B.SchDoc with Capacitor from KP_Fedorov_SM5-71B.SchLib
Replace Part C23 Capacitor in C:\AltiumProjects\Projects\CourseWork\CourseWork\Altium\KP_Fedorov_SM5-71B.SchDoc with Capacitor from KP_Fedorov_SM5-71B.SchLib
Replace Part C24 Capacitor in C:\AltiumProjects\Projects\CourseWork\CourseWork\Altium\KP_Fedorov_SM5-71B.SchDoc with Capacitor from KP_Fedorov_SM5-71B.SchLib
Replace Part C25 Capacitor in C:\AltiumProjects\Projects\CourseWork\CourseWork\Altium\KP_Fedorov_SM5-71B.SchDoc with Capacitor from KP_Fedorov_SM5-71B.SchLib
Replace Part C26 Capacitor in C:\AltiumProjects\Projects\CourseWork\CourseWork\Altium\KP_Fedorov_SM5-71B.SchDoc with Capacitor from KP_Fedorov_SM5-71B.SchLib
Replace Part C27 Capacitor in C:\AltiumProjects\Projects\CourseWork\CourseWork\Altium\KP_Fedorov_SM5-71B.SchDoc with Capacitor from KP_Fedorov_SM5-71B.SchLib
Replace Part C28 Capacitor in C:\AltiumProjects\Projects\CourseWork\CourseWork\Altium\KP_Fedorov_SM5-71B.SchDoc with Capacitor from KP_Fedorov_SM5-71B.SchLib
Replace Part C29 Capacitor in C:\AltiumProjects\Projects\CourseWork\CourseWork\Altium\KP_Fedorov_SM5-71B.SchDoc with Capacitor from KP_Fedorov_SM5-71B.SchLib
Replace Part C30 Capacitor in C:\AltiumProjects\Projects\CourseWork\CourseWork\Altium\KP_Fedorov_SM5-71B.SchDoc with Capacitor from KP_Fedorov_SM5-71B.SchLib
Replace Part C31 Capacitor in C:\AltiumProjects\Projects\CourseWork\CourseWork\Altium\KP_Fedorov_SM5-71B.SchDoc with Capacitor from KP_Fedorov_SM5-71B.SchLib
Replace Part D1 Diode Schottky in C:\AltiumProjects\Projects\CourseWork\CourseWork\Altium\KP_Fedorov_SM5-71B.SchDoc with Diode Schottky from KP_Fedorov_SM5-71B.SchLib
Replace Part D2 Diode Schottky in C:\AltiumProjects\Projects\CourseWork\CourseWork\Altium\KP_Fedorov_SM5-71B.SchDoc with Diode Schottky from KP_Fedorov_SM5-71B.SchLib
Replace Part DA1 OpAmp in C:\AltiumProjects\Projects\CourseWork\CourseWork\Altium\KP_Fedorov_SM5-71B.SchDoc with OpAmp from KP_Fedorov_SM5-71B.SchLib
Replace Part DA2 OpAmp in C:\AltiumProjects\Projects\CourseWork\CourseWork\Altium\KP_Fedorov_SM5-71B.SchDoc with OpAmp from KP_Fedorov_SM5-71B.SchLib
Replace Part DA2 OpAmp in C:\AltiumProjects\Projects\CourseWork\CourseWork\Altium\KP_Fedorov_SM5-71B.SchDoc with OpAmp from KP_Fedorov_SM5-71B.SchLib
Replace Part DA3 LDO in C:\AltiumProjects\Projects\CourseWork\CourseWork\Altium\KP_Fedorov_SM5-71B.SchDoc with LDO from KP_Fedorov_SM5-71B.SchLib
Replace Part DA4 OpAmp in C:\AltiumProjects\Projects\CourseWork\CourseWork\Altium\KP_Fedorov_SM5-71B.SchDoc with OpAmp from KP_Fedorov_SM5-71B.SchLib
Replace Part DA5 LDO2.5V in C:\AltiumProjects\Projects\CourseWork\CourseWork\Altium\KP_Fedorov_SM5-71B.SchDoc with LDO2.5V from KP_Fedorov_SM5-71B.SchLib
Replace Part DA6 LDO3.3V in C:\AltiumProjects\Projects\CourseWork\CourseWork\Altium\KP_Fedorov_SM5-71B.SchDoc with LDO3.3V from KP_Fedorov_SM5-71B.SchLib
Replace Part DD1 DC/DC inv in C:\AltiumProjects\Projects\CourseWork\CourseWork\Altium\KP_Fedorov_SM5-71B.SchDoc with DC/DC inv from KP_Fedorov_SM5-71B.SchLib
Replace Part DD3 ADC in C:\AltiumProjects\Projects\CourseWork\CourseWork\Altium\KP_Fedorov_SM5-71B.SchDoc with ADC from KP_Fedorov_SM5-71B.SchLib
Replace Part DD5 STM32F303RCT7 in C:\AltiumProjects\Projects\CourseWork\CourseWork\Altium\KP_Fedorov_SM5-71B.SchDoc with STM32F303RCT7 from KP_Fedorov_SM5-71B.SchLib
Replace Part DD6 DC/DC in C:\AltiumProjects\Projects\CourseWork\CourseWork\Altium\KP_Fedorov_SM5-71B.SchDoc with DC/DC from KP_Fedorov_SM5-71B.SchLib
Replace Part L1 Inductor in C:\AltiumProjects\Projects\CourseWork\CourseWork\Altium\KP_Fedorov_SM5-71B.SchDoc with Inductor from KP_Fedorov_SM5-71B.SchLib
Replace Part L2 Inductor in C:\AltiumProjects\Projects\CourseWork\CourseWork\Altium\KP_Fedorov_SM5-71B.SchDoc with Inductor from KP_Fedorov_SM5-71B.SchLib
Replace Part R1 Resistor in C:\AltiumProjects\Projects\CourseWork\CourseWork\Altium\KP_Fedorov_SM5-71B.SchDoc with Resistor from KP_Fedorov_SM5-71B.SchLib
Replace Part R2 Resistor in C:\AltiumProjects\Projects\CourseWork\CourseWork\Altium\KP_Fedorov_SM5-71B.SchDoc with Resistor from KP_Fedorov_SM5-71B.SchLib
Replace Part R3 Resistor in C:\AltiumProjects\Projects\CourseWork\CourseWork\Altium\KP_Fedorov_SM5-71B.SchDoc with Resistor from KP_Fedorov_SM5-71B.SchLib
Replace Part R4 Resistor in C:\AltiumProjects\Projects\CourseWork\CourseWork\Altium\KP_Fedorov_SM5-71B.SchDoc with Resistor from KP_Fedorov_SM5-71B.SchLib
Replace Part R5 Resistor in C:\AltiumProjects\Projects\CourseWork\CourseWork\Altium\KP_Fedorov_SM5-71B.SchDoc with Resistor from KP_Fedorov_SM5-71B.SchLib
Replace Part R6 Resistor in C:\AltiumProjects\Projects\CourseWork\CourseWork\Altium\KP_Fedorov_SM5-71B.SchDoc with Resistor from KP_Fedorov_SM5-71B.SchLib
Replace Part R7 Resistor in C:\AltiumProjects\Projects\CourseWork\CourseWork\Altium\KP_Fedorov_SM5-71B.SchDoc with Resistor from KP_Fedorov_SM5-71B.SchLib
Replace Part R8 Resistor in C:\AltiumProjects\Projects\CourseWork\CourseWork\Altium\KP_Fedorov_SM5-71B.SchDoc with Resistor from KP_Fedorov_SM5-71B.SchLib
Replace Part R9 Resistor in C:\AltiumProjects\Projects\CourseWork\CourseWork\Altium\KP_Fedorov_SM5-71B.SchDoc with Resistor from KP_Fedorov_SM5-71B.SchLib
Replace Part R10 Resistor in C:\AltiumProjects\Projects\CourseWork\CourseWork\Altium\KP_Fedorov_SM5-71B.SchDoc with Resistor from KP_Fedorov_SM5-71B.SchLib
Replace Part R11 Resistor in C:\AltiumProjects\Projects\CourseWork\CourseWork\Altium\KP_Fedorov_SM5-71B.SchDoc with Resistor from KP_Fedorov_SM5-71B.SchLib
Replace Part R12 Resistor in C:\AltiumProjects\Projects\CourseWork\CourseWork\Altium\KP_Fedorov_SM5-71B.SchDoc with Resistor from KP_Fedorov_SM5-71B.SchLib
Replace Part R13 Resistor in C:\AltiumProjects\Projects\CourseWork\CourseWork\Altium\KP_Fedorov_SM5-71B.SchDoc with Resistor from KP_Fedorov_SM5-71B.SchLib
Replace Part R14 Resistor in C:\AltiumProjects\Projects\CourseWork\CourseWork\Altium\KP_Fedorov_SM5-71B.SchDoc with Resistor from KP_Fedorov_SM5-71B.SchLib
Replace Part R15 Resistor in C:\AltiumProjects\Projects\CourseWork\CourseWork\Altium\KP_Fedorov_SM5-71B.SchDoc with Resistor from KP_Fedorov_SM5-71B.SchLib
Replace Part R16 Resistor in C:\AltiumProjects\Projects\CourseWork\CourseWork\Altium\KP_Fedorov_SM5-71B.SchDoc with Resistor from KP_Fedorov_SM5-71B.SchLib
Replace Part R17 Resistor in C:\AltiumProjects\Projects\CourseWork\CourseWork\Altium\KP_Fedorov_SM5-71B.SchDoc with Resistor from KP_Fedorov_SM5-71B.SchLib
Replace Part XP1 Conn2x1 in C:\AltiumProjects\Projects\CourseWork\CourseWork\Altium\KP_Fedorov_SM5-71B.SchDoc with Conn2x1 from KP_Fedorov_SM5-71B.SchLib
Replace Part XP2 Conn2x1 in C:\AltiumProjects\Projects\CourseWork\CourseWork\Altium\KP_Fedorov_SM5-71B.SchDoc with Conn2x1 from KP_Fedorov_SM5-71B.SchLib
Replace Part XP3 Conn5x1 in C:\AltiumProjects\Projects\CourseWork\CourseWork\Altium\KP_Fedorov_SM5-71B.SchDoc with Conn5x1 from KP_Fedorov_SM5-71B.SchLib
Replace Part XP4 Conn9x1 in C:\AltiumProjects\Projects\CourseWork\CourseWork\Altium\KP_Fedorov_SM5-71B.SchDoc with Conn9x1 from KP_Fedorov_SM5-71B.SchLib
Replace Part Y1 Crystal 8MHz in C:\AltiumProjects\Projects\CourseWork\CourseWork\Altium\KP_Fedorov_SM5-71B.SchDoc with Crystal 8MHz from BRT_baza.SchLib
