Removed Pin From Net: NetName=NetC2_1 Pin=C2-1
Removed Pin From Net: NetName=NetC2_2 Pin=DA1-1
Removed Pin From Net: NetName=NetC2_1 Pin=DA1-2
Removed Pin From Net: NetName=GND Pin=DA1-3
Removed Pin From Net: NetName=-5V Pin=DA1-4
Removed Pin From Net: NetName=GND Pin=DA1-5
Removed Pin From Net: NetName=NetC4_2 Pin=DA1-7
Removed Pin From Net: NetName=+5V Pin=DA1-8
Removed Pin From Net: NetName=NetC2_1 Pin=R4-2
Removed Member From Class: ClassName=KP_Fedorov_SM5-71B Member=DD5
Change Component Designator: OldDesignator=C1 NewDesignator=C3
Change Component Designator: OldDesignator=C2 NewDesignator=C1
Change Component Designator: OldDesignator=C3 NewDesignator=C4
Change Component Designator: OldDesignator=C4 NewDesignator=C2
Change Component Designator: OldDesignator=C6 NewDesignator=C7
Change Component Designator: OldDesignator=C7 NewDesignator=C21
Change Component Designator: OldDesignator=C8 NewDesignator=C6
Change Component Designator: OldDesignator=C9 NewDesignator=C8
Change Component Designator: OldDesignator=C10 NewDesignator=C14
Change Component Designator: OldDesignator=C11 NewDesignator=C15
Change Component Designator: OldDesignator=C12 NewDesignator=C9
Change Component Designator: OldDesignator=C13 NewDesignator=C16
Change Component Designator: OldDesignator=C14 NewDesignator=C17
Change Component Designator: OldDesignator=C15 NewDesignator=C10
Change Component Designator: OldDesignator=C16 NewDesignator=C18
Change Component Designator: OldDesignator=C17 NewDesignator=C11
Change Component Designator: OldDesignator=C18 NewDesignator=C12
Change Component Designator: OldDesignator=C19 NewDesignator=C13
Change Component Designator: OldDesignator=C20 NewDesignator=C23
Change Component Designator: OldDesignator=C21 NewDesignator=C24
Change Component Designator: OldDesignator=C22 NewDesignator=C19
Change Component Designator: OldDesignator=C23 NewDesignator=C20
Change Component Designator: OldDesignator=C24 NewDesignator=C25
Change Component Designator: OldDesignator=C25 NewDesignator=C26
Change Component Designator: OldDesignator=C26 NewDesignator=C28
Change Component Designator: OldDesignator=C27 NewDesignator=C29
Change Component Designator: OldDesignator=C28 NewDesignator=C30
Change Component Designator: OldDesignator=C29 NewDesignator=C31
Change Component Designator: OldDesignator=C30 NewDesignator=C22
Change Component Designator: OldDesignator=C31 NewDesignator=C27
Change Component Designator: OldDesignator=D1 NewDesignator=D2
Change Component Designator: OldDesignator=D2 NewDesignator=D1
Change Component Designator: OldDesignator=DA5 NewDesignator=DA4
Change Component Designator: OldDesignator=DA6 NewDesignator=DA5
Change Component Designator: OldDesignator=DD1 NewDesignator=DD3
Change Component Designator: OldDesignator=DD3 NewDesignator=DD2
Change Component Designator: OldDesignator=DD5 NewDesignator=DD1
Change Component Designator: OldDesignator=DD6 NewDesignator=DD4
Change Component Designator: OldDesignator=R4 NewDesignator=R5
Change Component Designator: OldDesignator=R5 NewDesignator=R4
Change Component Designator: OldDesignator=R7 NewDesignator=R12
Change Component Designator: OldDesignator=R8 NewDesignator=R7
Change Component Designator: OldDesignator=R9 NewDesignator=R8
Change Component Designator: OldDesignator=R10 NewDesignator=R9
Change Component Designator: OldDesignator=R11 NewDesignator=R10
Change Component Designator: OldDesignator=R12 NewDesignator=R11
Change Component Designator: OldDesignator=XP1 NewDesignator=XP2
Change Component Designator: OldDesignator=XP2 NewDesignator=XP4
Change Component Designator: OldDesignator=XP3 NewDesignator=XP1
Change Component Designator: OldDesignator=XP4 NewDesignator=XP3
Added Pin To Net: NetName=NetC2_1 Pin=C2-1
Added Pin To Net: NetName=NetC2_1 Pin=R6-1
Change Net Name : Old Net Name=NetC1_1 New Net Name=NetC3_1
Change Net Name : Old Net Name=NetC2_2 New Net Name=NetC1_2
Change Net Name : Old Net Name=NetC3_2 New Net Name=NetC4_2
Change Net Name : Old Net Name=NetC4_2 New Net Name=NetC2_2
Change Net Name : Old Net Name=NetC6_1 New Net Name=NetC7_1
Change Net Name : Old Net Name=NetC9_2 New Net Name=NetC8_2
Change Net Name : Old Net Name=NetC12_2 New Net Name=NetC9_2
Change Net Name : Old Net Name=NetC15_1 New Net Name=NetC10_1
Change Net Name : Old Net Name=NetC17_2 New Net Name=NetC11_2
Change Net Name : Old Net Name=NetC18_2 New Net Name=NetC12_2
Change Net Name : Old Net Name=NetC19_1 New Net Name=NetC13_1
Change Net Name : Old Net Name=NetC19_2 New Net Name=NetC13_2
Change Net Name : Old Net Name=NetC26_1 New Net Name=NetC28_1
Change Net Name : Old Net Name=NetC31_1 New Net Name=NetC27_1
Change Net Name : Old Net Name=NetC31_2 New Net Name=NetC27_2
Change Net Name : Old Net Name=NetD1_2 New Net Name=NetD2_2
Change Net Name : Old Net Name=NetD2_1 New Net Name=NetD1_1
Change Net Name : Old Net Name=NetDD3_7 New Net Name=NetDD1_41
Change Net Name : Old Net Name=NetDD3_10 New Net Name=NetDD1_22
Change Net Name : Old Net Name=NetDD3_12 New Net Name=NetDD1_17
Change Net Name : Old Net Name=NetDD3_13 New Net Name=NetDD1_21
Change Net Name : Old Net Name=NetDD3_15 New Net Name=NetDD1_23
Change Net Name : Old Net Name=NetDD3_16 New Net Name=NetDD1_20
Change Net Name : Old Net Name=NetDD5_60 New Net Name=NetDD1_60
Change Net Name : Old Net Name=NetR5_1 New Net Name=NetR4_1
Added Pin To Net: NetName=NetC1_1 Pin=C1-1
Added Pin To Net: NetName=NetC1_1 Pin=R5-2
Added Net: Name=NetC1_1
Added Member To Class: ClassName=KP_Fedorov_SM5-71B Member=Component DD3 DC/DC inv
Added Room: Name=KP_Fedorov_SM5-71B
